Using pre-set license
Built from '2020.3/staging' branch; Version is '2020.3.30f1 (1fb1bf06830e) revision 2077119'; Using compiler version '192528614'; Build Type 'Release'
OS: 'Windows 11  (10.0.22000) 64bit CoreSingleLanguage' Language: 'en' Physical Memory: 7532 MB
BatchMode: 1, IsHumanControllingUs: 0, StartBugReporterOnCrash: 0, Is64bit: 1, IsPro: 0

COMMAND LINE ARGUMENTS:
C:\Program Files\Unity\Hub\Editor\2020.3.30f1\Editor\Unity.exe
-adb2
-batchMode
-noUpm
-name
AssetImportWorker0
-projectPath
C:/Users/Nitro 5/Downloads/hentaiz/DuAnGame
-logFile
Logs/AssetImportWorker0.log
-srvPort
54641
Successfully changed project path to: C:/Users/Nitro 5/Downloads/hentaiz/DuAnGame
C:/Users/Nitro 5/Downloads/hentaiz/DuAnGame
Using Asset Import Pipeline V2.
Refreshing native plugins compatible for Editor in 98.09 ms, found 3 plugins.
Preloading 0 native plugins for Editor in 0.00 ms.
Initialize engine version: 2020.3.30f1 (1fb1bf06830e)
[Subsystems] Discovering subsystems at path C:/Program Files/Unity/Hub/Editor/2020.3.30f1/Editor/Data/Resources/UnitySubsystems
[Subsystems] Discovering subsystems at path C:/Users/Nitro 5/Downloads/hentaiz/DuAnGame/Assets
GfxDevice: creating device client; threaded=0
Direct3D:
    Version:  Direct3D 11.0 [level 11.1]
    Renderer: NVIDIA GeForce GTX 1650 (ID=0x1f9d)
    Vendor:   
    VRAM:     3962 MB
    Driver:   27.21.14.5734
Initialize mono
Mono path[0] = 'C:/Program Files/Unity/Hub/Editor/2020.3.30f1/Editor/Data/Managed'
Mono path[1] = 'C:/Program Files/Unity/Hub/Editor/2020.3.30f1/Editor/Data/MonoBleedingEdge/lib/mono/unityjit'
Mono config path = 'C:/Program Files/Unity/Hub/Editor/2020.3.30f1/Editor/Data/MonoBleedingEdge/etc'
Using monoOptions --debugger-agent=transport=dt_socket,embedding=1,server=y,suspend=n,address=127.0.0.1:56536
Begin MonoManager ReloadAssembly
Registering precompiled unity dll's ...
Register platform support module: C:/Program Files/Unity/Hub/Editor/2020.3.30f1/Editor/Data/PlaybackEngines/WebGLSupport/UnityEditor.WebGL.Extensions.dll
Register platform support module: C:/Program Files/Unity/Hub/Editor/2020.3.30f1/Editor/Data/PlaybackEngines/WindowsStandaloneSupport/UnityEditor.WindowsStandalone.Extensions.dll
Registered in 0.002713 seconds.
Native extension for WindowsStandalone target not found
Native extension for WebGL target not found
Refreshing native plugins compatible for Editor in 79.48 ms, found 3 plugins.
Preloading 0 native plugins for Editor in 0.00 ms.
Mono: successfully reloaded assembly
- Completed reload, in  0.997 seconds
Domain Reload Profiling:
	ReloadAssembly (997ms)
		BeginReloadAssembly (107ms)
			ExecutionOrderSort (0ms)
			DisableScriptedObjects (0ms)
			BackupInstance (0ms)
			ReleaseScriptingObjects (0ms)
			CreateAndSetChildDomain (1ms)
		EndReloadAssembly (773ms)
			LoadAssemblies (105ms)
			RebuildTransferFunctionScriptingTraits (0ms)
			SetupTypeCache (246ms)
			ReleaseScriptCaches (0ms)
			RebuildScriptCaches (48ms)
			SetupLoadedEditorAssemblies (304ms)
				LogAssemblyErrors (0ms)
				InitializePlatformSupportModulesInManaged (11ms)
				SetLoadedEditorAssemblies (0ms)
				RefreshPlugins (80ms)
				BeforeProcessingInitializeOnLoad (28ms)
				ProcessInitializeOnLoadAttributes (139ms)
				ProcessInitializeOnLoadMethodAttributes (45ms)
				AfterProcessingInitializeOnLoad (0ms)
				EditorAssembliesLoaded (0ms)
			ExecutionOrderSort2 (0ms)
			AwakeInstancesAfterBackupRestoration (0ms)
Platform modules already initialized, skipping
Registering precompiled user dll's ...
Registered in 0.004150 seconds.
Begin MonoManager ReloadAssembly
Native extension for WindowsStandalone target not found
Native extension for WebGL target not found
Refreshing native plugins compatible for Editor in 87.69 ms, found 3 plugins.
Preloading 0 native plugins for Editor in 0.00 ms.
Mono: successfully reloaded assembly
- Completed reload, in  2.029 seconds
Domain Reload Profiling:
	ReloadAssembly (2031ms)
		BeginReloadAssembly (235ms)
			ExecutionOrderSort (0ms)
			DisableScriptedObjects (8ms)
			BackupInstance (0ms)
			ReleaseScriptingObjects (0ms)
			CreateAndSetChildDomain (31ms)
		EndReloadAssembly (1696ms)
			LoadAssemblies (167ms)
			RebuildTransferFunctionScriptingTraits (0ms)
			SetupTypeCache (455ms)
			ReleaseScriptCaches (1ms)
			RebuildScriptCaches (82ms)
			SetupLoadedEditorAssemblies (775ms)
				LogAssemblyErrors (0ms)
				InitializePlatformSupportModulesInManaged (8ms)
				SetLoadedEditorAssemblies (0ms)
				RefreshPlugins (88ms)
				BeforeProcessingInitializeOnLoad (179ms)
				ProcessInitializeOnLoadAttributes (445ms)
				ProcessInitializeOnLoadMethodAttributes (42ms)
				AfterProcessingInitializeOnLoad (12ms)
				EditorAssembliesLoaded (0ms)
			ExecutionOrderSort2 (0ms)
			AwakeInstancesAfterBackupRestoration (14ms)
Platform modules already initialized, skipping
========================================================================
Worker process is ready to serve import requests
Launched and connected shader compiler UnityShaderCompiler.exe after 0.09 seconds
Refreshing native plugins compatible for Editor in 0.82 ms, found 3 plugins.
Preloading 0 native plugins for Editor in 0.00 ms.
Unloading 2208 Unused Serialized files (Serialized files now loaded: 0)
System memory in use before: 96.4 MB.
System memory in use after: 96.4 MB.

Unloading 31 unused Assets to reduce memory usage. Loaded Objects now: 2639.
Total: 5.530300 ms (FindLiveObjects: 0.254500 ms CreateObjectMapping: 0.155500 ms MarkObjects: 4.894900 ms  DeleteObjects: 0.223600 ms)

AssetImportParameters requested are different than current active one (requested -> active):
  custom:framework-win-MediaFoundation: 216162199b28c13a410421893ffa2e32 -> 
  custom:video-decoder-ogg-theora: a1e56fd34408186e4bbccfd4996cb3dc -> 
  custom:container-muxer-webm: aa71ff27fc2769a1b78a27578f13a17b -> 
  custom:container-demuxer-webm: 4f35f7cbe854078d1ac9338744f61a02 -> 
  custom:container-demuxer-ogg: 62fdf1f143b41e24485cea50d1cbac27 -> 
  custom:video-encoder-webm-vp8: eb34c28f22e8b96e1ab97ce403110664 -> 
  custom:video-decoder-webm-vp8: 9c59270c3fd7afecdb556c50c9e8de78 -> 
  custom:audio-decoder-ogg-vorbis: bf7c407c2cedff20999df2af8eb42d56 -> 
  custom:audio-encoder-webm-vorbis: bf7c407c2cedff20999df2af8eb42d56 -> 
========================================================================
Received Import Request.
  path: Assets/img/—Pngtree—game ui kit with status_7259702.png
  artifactKey: Guid(1429dca57dcd8eb4a86d430be4655ce4) Importer(815301076,1909f56bfc062723c751e8b465ee728b)
Start importing Assets/img/—Pngtree—game ui kit with status_7259702.png using Guid(1429dca57dcd8eb4a86d430be4655ce4) Importer(815301076,1909f56bfc062723c751e8b465ee728b)  -> (artifact id: '43a549569ab174b673f0926affe59374') in 0.178298 seconds 
========================================================================
Received Import Request.
  Time since last request: 4.810049 seconds.
  path: Assets/img/—Pngtree—game ui kit with status_7259702.png
  artifactKey: Guid(1429dca57dcd8eb4a86d430be4655ce4) Importer(815301076,1909f56bfc062723c751e8b465ee728b)
Start importing Assets/img/—Pngtree—game ui kit with status_7259702.png using Guid(1429dca57dcd8eb4a86d430be4655ce4) Importer(815301076,1909f56bfc062723c751e8b465ee728b)  -> (artifact id: 'f176e2a337873cbf9b63c1581ec45702') in 0.024181 seconds 
========================================================================
Received Import Request.
  Time since last request: 4.752167 seconds.
  path: Assets/img/—Pngtree—game ui kit with status_7259702.png
  artifactKey: Guid(1429dca57dcd8eb4a86d430be4655ce4) Importer(815301076,1909f56bfc062723c751e8b465ee728b)
Start importing Assets/img/—Pngtree—game ui kit with status_7259702.png using Guid(1429dca57dcd8eb4a86d430be4655ce4) Importer(815301076,1909f56bfc062723c751e8b465ee728b)  -> (artifact id: 'b8614ec3219fa6eec76170a88cfc1a84') in 0.041139 seconds 
========================================================================
Received Import Request.
  Time since last request: 554.396276 seconds.
  path: Assets/img/BOSS/2 Battle turtle/Battle_turtle.png
  artifactKey: Guid(2851c633a0f4b5a43bb63c04b5f1cbf5) Importer(815301076,1909f56bfc062723c751e8b465ee728b)
Start importing Assets/img/BOSS/2 Battle turtle/Battle_turtle.png using Guid(2851c633a0f4b5a43bb63c04b5f1cbf5) Importer(815301076,1909f56bfc062723c751e8b465ee728b)  -> (artifact id: '31be4e4a9623c47f5dced5f96c0a7e91') in 0.041404 seconds 
========================================================================
Received Import Request.
  Time since last request: 0.000417 seconds.
  path: Assets/img/BOSS/2 Battle turtle/Battle_turtle_attack2.png
  artifactKey: Guid(fad3cd8899045e84686612dcabc4e7b4) Importer(815301076,1909f56bfc062723c751e8b465ee728b)
Start importing Assets/img/BOSS/2 Battle turtle/Battle_turtle_attack2.png using Guid(fad3cd8899045e84686612dcabc4e7b4) Importer(815301076,1909f56bfc062723c751e8b465ee728b)  -> (artifact id: 'f559548e8c93bcdaf412e057352799cb') in 0.044907 seconds 
========================================================================
Received Import Request.
  Time since last request: 0.000348 seconds.
  path: Assets/img/BOSS/2 Battle turtle/Battle_turtle_attack4.png
  artifactKey: Guid(f03e22fb9fd4c584fa23e0af24bad235) Importer(815301076,1909f56bfc062723c751e8b465ee728b)
Start importing Assets/img/BOSS/2 Battle turtle/Battle_turtle_attack4.png using Guid(f03e22fb9fd4c584fa23e0af24bad235) Importer(815301076,1909f56bfc062723c751e8b465ee728b)  -> (artifact id: '7e2b2474804a20eee0b9938575cf40e8') in 0.033532 seconds 
========================================================================
Received Import Request.
  Time since last request: 0.000509 seconds.
  path: Assets/img/BOSS/2 Battle turtle/Battle_turtle_attack1.png
  artifactKey: Guid(d6745e764118512409ab20a2b7dd554c) Importer(815301076,1909f56bfc062723c751e8b465ee728b)
Start importing Assets/img/BOSS/2 Battle turtle/Battle_turtle_attack1.png using Guid(d6745e764118512409ab20a2b7dd554c) Importer(815301076,1909f56bfc062723c751e8b465ee728b)  -> (artifact id: '337292ba691707904cb5574ff007b183') in 0.030761 seconds 
========================================================================
Received Import Request.
  Time since last request: 0.000479 seconds.
  path: Assets/img/BOSS/2 Battle turtle/Battle_turtle_death.png
  artifactKey: Guid(91c2e2198a41e5f4baf3bfd333e0ce1b) Importer(815301076,1909f56bfc062723c751e8b465ee728b)
Start importing Assets/img/BOSS/2 Battle turtle/Battle_turtle_death.png using Guid(91c2e2198a41e5f4baf3bfd333e0ce1b) Importer(815301076,1909f56bfc062723c751e8b465ee728b)  -> (artifact id: '5f48666704985df4eb210f5d2a5b29cf') in 0.031870 seconds 
========================================================================
Received Import Request.
  Time since last request: 0.000433 seconds.
  path: Assets/img/BOSS/2 Battle turtle/Battle_turtle_attack3.png
  artifactKey: Guid(d9e8d6dc113184046973b4cdc280f0b7) Importer(815301076,1909f56bfc062723c751e8b465ee728b)
Start importing Assets/img/BOSS/2 Battle turtle/Battle_turtle_attack3.png using Guid(d9e8d6dc113184046973b4cdc280f0b7) Importer(815301076,1909f56bfc062723c751e8b465ee728b)  -> (artifact id: 'f65611ef5ad69bc312d163fe8cf69a36') in 0.034450 seconds 
========================================================================
Received Import Request.
  Time since last request: 3.476468 seconds.
  path: Assets/img/BG/3_game_background/layers/8.png
  artifactKey: Guid(438a8da7d6065fb4399c40260e05d6b4) Importer(815301076,1909f56bfc062723c751e8b465ee728b)
Start importing Assets/img/BG/3_game_background/layers/8.png using Guid(438a8da7d6065fb4399c40260e05d6b4) Importer(815301076,1909f56bfc062723c751e8b465ee728b)  -> (artifact id: '5cd7e3c9acbd5799f369f72f9ebd630e') in 0.045843 seconds 
========================================================================
Received Import Request.
  Time since last request: 0.000302 seconds.
  path: Assets/img/BG/4_game_background/layers/5.png
  artifactKey: Guid(da3abfdeee285d149a37bf26e47d3428) Importer(815301076,1909f56bfc062723c751e8b465ee728b)
Start importing Assets/img/BG/4_game_background/layers/5.png using Guid(da3abfdeee285d149a37bf26e47d3428) Importer(815301076,1909f56bfc062723c751e8b465ee728b)  -> (artifact id: 'ab59214afa21f9f6f09624c13abaaa01') in 0.032825 seconds 
========================================================================
Received Import Request.
  Time since last request: 0.000484 seconds.
  path: Assets/img/BG/4_game_background/layers/7.png
  artifactKey: Guid(599caad720b280046b1cea28d9c575a0) Importer(815301076,1909f56bfc062723c751e8b465ee728b)
Start importing Assets/img/BG/4_game_background/layers/7.png using Guid(599caad720b280046b1cea28d9c575a0) Importer(815301076,1909f56bfc062723c751e8b465ee728b)  -> (artifact id: 'fd3f850662b3f5f07ca73d33deb92b62') in 0.033783 seconds 
========================================================================
Received Import Request.
  Time since last request: 0.000545 seconds.
  path: Assets/img/BG/4_game_background/layers/4.png
  artifactKey: Guid(88652da76a16bb342921dd0b993b2830) Importer(815301076,1909f56bfc062723c751e8b465ee728b)
Start importing Assets/img/BG/4_game_background/layers/4.png using Guid(88652da76a16bb342921dd0b993b2830) Importer(815301076,1909f56bfc062723c751e8b465ee728b)  -> (artifact id: '58b7728e059c90f812e20dc62df3b54c') in 0.033506 seconds 
========================================================================
Received Import Request.
  Time since last request: 0.000495 seconds.
  path: Assets/img/BG/3_game_background/layers/5.png
  artifactKey: Guid(a36cdf51e37ec5544a2988ad711c654f) Importer(815301076,1909f56bfc062723c751e8b465ee728b)
Start importing Assets/img/BG/3_game_background/layers/5.png using Guid(a36cdf51e37ec5544a2988ad711c654f) Importer(815301076,1909f56bfc062723c751e8b465ee728b)  -> (artifact id: 'd03d776dff456c4389a7d6a28fc90f7f') in 0.033962 seconds 
========================================================================
Received Import Request.
  Time since last request: 0.000322 seconds.
  path: Assets/img/BG/3_game_background/layers/4.png
  artifactKey: Guid(8c22e0e92ce40f542a855401d31aac35) Importer(815301076,1909f56bfc062723c751e8b465ee728b)
Start importing Assets/img/BG/3_game_background/layers/4.png using Guid(8c22e0e92ce40f542a855401d31aac35) Importer(815301076,1909f56bfc062723c751e8b465ee728b)  -> (artifact id: 'a1eaa31b695a0a40fa04c684a923fdd5') in 0.034020 seconds 
========================================================================
Received Import Request.
  Time since last request: 0.000292 seconds.
  path: Assets/img/BG/3_game_background/layers/9.png
  artifactKey: Guid(173c6a72848ef104284a1c23dcda5dde) Importer(815301076,1909f56bfc062723c751e8b465ee728b)
Start importing Assets/img/BG/3_game_background/layers/9.png using Guid(173c6a72848ef104284a1c23dcda5dde) Importer(815301076,1909f56bfc062723c751e8b465ee728b)  -> (artifact id: 'ad54910f84f67794319be6baa51cc4c4') in 0.034437 seconds 
========================================================================
Received Import Request.
  Time since last request: 0.000277 seconds.
  path: Assets/img/BG/3_game_background/layers/7.png
  artifactKey: Guid(e79af9c452ccb864db43f81e80c1a270) Importer(815301076,1909f56bfc062723c751e8b465ee728b)
Start importing Assets/img/BG/3_game_background/layers/7.png using Guid(e79af9c452ccb864db43f81e80c1a270) Importer(815301076,1909f56bfc062723c751e8b465ee728b)  -> (artifact id: 'b21d3c229dec371084bc808279bda091') in 0.034692 seconds 
========================================================================
Received Import Request.
  Time since last request: 266.927681 seconds.
  path: Assets/img/—Pngtree—game ui kit with status_7259702.png
  artifactKey: Guid(1429dca57dcd8eb4a86d430be4655ce4) Importer(815301076,1909f56bfc062723c751e8b465ee728b)
Start importing Assets/img/—Pngtree—game ui kit with status_7259702.png using Guid(1429dca57dcd8eb4a86d430be4655ce4) Importer(815301076,1909f56bfc062723c751e8b465ee728b)  -> (artifact id: 'aeaeaa4dc87d720af434c17839a65781') in 0.039763 seconds 
========================================================================
Received Import Request.
  Time since last request: 850.537697 seconds.
  path: Assets/Script/ThanhMau.cs
  artifactKey: Guid(8fdf870519593df43aee582fe3c9917b) Importer(815301076,1909f56bfc062723c751e8b465ee728b)
Start importing Assets/Script/ThanhMau.cs using Guid(8fdf870519593df43aee582fe3c9917b) Importer(815301076,1909f56bfc062723c751e8b465ee728b)  -> (artifact id: '07b3f17fcdfc586a5da2f76511a9410e') in 0.070931 seconds 
========================================================================
Received Import Request.
  Time since last request: 1419.951771 seconds.
  path: Assets/Script/PlayerMove2.cs
  artifactKey: Guid(a43222d5dc3af3b41aa1224c1b98bb8a) Importer(815301076,1909f56bfc062723c751e8b465ee728b)
Start importing Assets/Script/PlayerMove2.cs using Guid(a43222d5dc3af3b41aa1224c1b98bb8a) Importer(815301076,1909f56bfc062723c751e8b465ee728b)  -> (artifact id: '5ec8c771c325ac614e62ef5f81ff0cde') in 0.007473 seconds 
========================================================================
Received Import Request.
  Time since last request: 1.392321 seconds.
  path: Assets/Script/MauPlayer.cs
  artifactKey: Guid(c901f12f6b3996e488af2339483a3862) Importer(815301076,1909f56bfc062723c751e8b465ee728b)
Start importing Assets/Script/MauPlayer.cs using Guid(c901f12f6b3996e488af2339483a3862) Importer(815301076,1909f56bfc062723c751e8b465ee728b)  -> (artifact id: 'ed5ff2a7b2bf3548db852bcbf3f20d68') in 0.006254 seconds 
========================================================================
Received Import Request.
  Time since last request: 131.260937 seconds.
  path: Assets/Script/EnemyDame.cs
  artifactKey: Guid(a6ba95dfdca9a0c4d81afccb087f2c11) Importer(815301076,1909f56bfc062723c751e8b465ee728b)
Start importing Assets/Script/EnemyDame.cs using Guid(a6ba95dfdca9a0c4d81afccb087f2c11) Importer(815301076,1909f56bfc062723c751e8b465ee728b)  -> (artifact id: '6190a9ed877864b54695a92bff67bae7') in 0.007131 seconds 
========================================================================
Received Prepare
Registering precompiled user dll's ...
Registered in 0.004306 seconds.
Begin MonoManager ReloadAssembly
Native extension for WindowsStandalone target not found
Native extension for WebGL target not found
Refreshing native plugins compatible for Editor in 0.64 ms, found 3 plugins.
Preloading 0 native plugins for Editor in 0.00 ms.
Mono: successfully reloaded assembly
- Completed reload, in  0.862 seconds
Domain Reload Profiling:
	ReloadAssembly (866ms)
		BeginReloadAssembly (195ms)
			ExecutionOrderSort (0ms)
			DisableScriptedObjects (24ms)
			BackupInstance (0ms)
			ReleaseScriptingObjects (0ms)
			CreateAndSetChildDomain (76ms)
		EndReloadAssembly (623ms)
			LoadAssemblies (88ms)
			RebuildTransferFunctionScriptingTraits (0ms)
			SetupTypeCache (211ms)
			ReleaseScriptCaches (1ms)
			RebuildScriptCaches (30ms)
			SetupLoadedEditorAssemblies (240ms)
				LogAssemblyErrors (0ms)
				InitializePlatformSupportModulesInManaged (5ms)
				SetLoadedEditorAssemblies (1ms)
				RefreshPlugins (1ms)
				BeforeProcessingInitializeOnLoad (64ms)
				ProcessInitializeOnLoadAttributes (159ms)
				ProcessInitializeOnLoadMethodAttributes (9ms)
				AfterProcessingInitializeOnLoad (3ms)
				EditorAssembliesLoaded (0ms)
			ExecutionOrderSort2 (0ms)
			AwakeInstancesAfterBackupRestoration (7ms)
Platform modules already initialized, skipping
Refreshing native plugins compatible for Editor in 0.52 ms, found 3 plugins.
Preloading 0 native plugins for Editor in 0.00 ms.
Unloading 2204 Unused Serialized files (Serialized files now loaded: 0)
System memory in use before: 99.4 MB.
System memory in use after: 99.3 MB.

Unloading 20 unused Assets to reduce memory usage. Loaded Objects now: 2664.
Total: 5.230200 ms (FindLiveObjects: 0.360200 ms CreateObjectMapping: 0.188600 ms MarkObjects: 4.567800 ms  DeleteObjects: 0.112800 ms)

AssetImportParameters requested are different than current active one (requested -> active):
  custom:framework-win-MediaFoundation: 216162199b28c13a410421893ffa2e32 -> 
  custom:video-decoder-ogg-theora: a1e56fd34408186e4bbccfd4996cb3dc -> 
  custom:container-muxer-webm: aa71ff27fc2769a1b78a27578f13a17b -> 
  custom:container-demuxer-webm: 4f35f7cbe854078d1ac9338744f61a02 -> 
  custom:container-demuxer-ogg: 62fdf1f143b41e24485cea50d1cbac27 -> 
  custom:video-encoder-webm-vp8: eb34c28f22e8b96e1ab97ce403110664 -> 
  custom:video-decoder-webm-vp8: 9c59270c3fd7afecdb556c50c9e8de78 -> 
  custom:audio-decoder-ogg-vorbis: bf7c407c2cedff20999df2af8eb42d56 -> 
  custom:audio-encoder-webm-vorbis: bf7c407c2cedff20999df2af8eb42d56 -> 
========================================================================
Received Import Request.
  Time since last request: 11.817604 seconds.
  path: Assets/Script/Player
  artifactKey: Guid(5b983f5262c0f2b4db5248e0ba926c9b) Importer(815301076,1909f56bfc062723c751e8b465ee728b)
Start importing Assets/Script/Player using Guid(5b983f5262c0f2b4db5248e0ba926c9b) Importer(815301076,1909f56bfc062723c751e8b465ee728b)  -> (artifact id: '5e6beb7d92705c6e23d27d015f397078') in 0.009211 seconds 
========================================================================
Received Prepare
Registering precompiled user dll's ...
Registered in 0.001968 seconds.
Begin MonoManager ReloadAssembly
Native extension for WindowsStandalone target not found
Native extension for WebGL target not found
Refreshing native plugins compatible for Editor in 0.72 ms, found 3 plugins.
Preloading 0 native plugins for Editor in 0.00 ms.
Mono: successfully reloaded assembly
- Completed reload, in  0.808 seconds
Domain Reload Profiling:
	ReloadAssembly (808ms)
		BeginReloadAssembly (108ms)
			ExecutionOrderSort (0ms)
			DisableScriptedObjects (5ms)
			BackupInstance (0ms)
			ReleaseScriptingObjects (0ms)
			CreateAndSetChildDomain (33ms)
		EndReloadAssembly (641ms)
			LoadAssemblies (94ms)
			RebuildTransferFunctionScriptingTraits (0ms)
			SetupTypeCache (217ms)
			ReleaseScriptCaches (1ms)
			RebuildScriptCaches (31ms)
			SetupLoadedEditorAssemblies (241ms)
				LogAssemblyErrors (0ms)
				InitializePlatformSupportModulesInManaged (5ms)
				SetLoadedEditorAssemblies (0ms)
				RefreshPlugins (1ms)
				BeforeProcessingInitializeOnLoad (67ms)
				ProcessInitializeOnLoadAttributes (155ms)
				ProcessInitializeOnLoadMethodAttributes (10ms)
				AfterProcessingInitializeOnLoad (3ms)
				EditorAssembliesLoaded (0ms)
			ExecutionOrderSort2 (0ms)
			AwakeInstancesAfterBackupRestoration (8ms)
Platform modules already initialized, skipping
Refreshing native plugins compatible for Editor in 0.79 ms, found 3 plugins.
Preloading 0 native plugins for Editor in 0.00 ms.
Unloading 2204 Unused Serialized files (Serialized files now loaded: 0)
System memory in use before: 99.4 MB.
System memory in use after: 99.4 MB.

Unloading 20 unused Assets to reduce memory usage. Loaded Objects now: 2666.
Total: 3.414000 ms (FindLiveObjects: 0.276000 ms CreateObjectMapping: 0.118900 ms MarkObjects: 2.838400 ms  DeleteObjects: 0.179300 ms)

AssetImportParameters requested are different than current active one (requested -> active):
  custom:framework-win-MediaFoundation: 216162199b28c13a410421893ffa2e32 -> 
  custom:video-decoder-ogg-theora: a1e56fd34408186e4bbccfd4996cb3dc -> 
  custom:container-muxer-webm: aa71ff27fc2769a1b78a27578f13a17b -> 
  custom:container-demuxer-webm: 4f35f7cbe854078d1ac9338744f61a02 -> 
  custom:container-demuxer-ogg: 62fdf1f143b41e24485cea50d1cbac27 -> 
  custom:video-encoder-webm-vp8: eb34c28f22e8b96e1ab97ce403110664 -> 
  custom:video-decoder-webm-vp8: 9c59270c3fd7afecdb556c50c9e8de78 -> 
  custom:audio-decoder-ogg-vorbis: bf7c407c2cedff20999df2af8eb42d56 -> 
  custom:audio-encoder-webm-vorbis: bf7c407c2cedff20999df2af8eb42d56 -> 
========================================================================
Received Import Request.
  Time since last request: 14.215442 seconds.
  path: Assets/Script/PlayerGoku
  artifactKey: Guid(5b983f5262c0f2b4db5248e0ba926c9b) Importer(815301076,1909f56bfc062723c751e8b465ee728b)
Start importing Assets/Script/PlayerGoku using Guid(5b983f5262c0f2b4db5248e0ba926c9b) Importer(815301076,1909f56bfc062723c751e8b465ee728b)  -> (artifact id: '9f2ddcebcfb89b23f7bdff39b5ccc81d') in 0.013477 seconds 
========================================================================
Received Prepare
Registering precompiled user dll's ...
Registered in 0.002028 seconds.
Begin MonoManager ReloadAssembly
Native extension for WindowsStandalone target not found
Native extension for WebGL target not found
Refreshing native plugins compatible for Editor in 0.63 ms, found 3 plugins.
Preloading 0 native plugins for Editor in 0.00 ms.
Mono: successfully reloaded assembly
- Completed reload, in  0.814 seconds
Domain Reload Profiling:
	ReloadAssembly (814ms)
		BeginReloadAssembly (101ms)
			ExecutionOrderSort (0ms)
			DisableScriptedObjects (5ms)
			BackupInstance (0ms)
			ReleaseScriptingObjects (0ms)
			CreateAndSetChildDomain (31ms)
		EndReloadAssembly (656ms)
			LoadAssemblies (94ms)
			RebuildTransferFunctionScriptingTraits (0ms)
			SetupTypeCache (221ms)
			ReleaseScriptCaches (1ms)
			RebuildScriptCaches (34ms)
			SetupLoadedEditorAssemblies (241ms)
				LogAssemblyErrors (0ms)
				InitializePlatformSupportModulesInManaged (4ms)
				SetLoadedEditorAssemblies (0ms)
				RefreshPlugins (1ms)
				BeforeProcessingInitializeOnLoad (67ms)
				ProcessInitializeOnLoadAttributes (156ms)
				ProcessInitializeOnLoadMethodAttributes (9ms)
				AfterProcessingInitializeOnLoad (3ms)
				EditorAssembliesLoaded (0ms)
			ExecutionOrderSort2 (0ms)
			AwakeInstancesAfterBackupRestoration (7ms)
Platform modules already initialized, skipping
Refreshing native plugins compatible for Editor in 1.26 ms, found 3 plugins.
Preloading 0 native plugins for Editor in 0.00 ms.
Unloading 2204 Unused Serialized files (Serialized files now loaded: 0)
System memory in use before: 99.5 MB.
System memory in use after: 99.4 MB.

Unloading 20 unused Assets to reduce memory usage. Loaded Objects now: 2668.
Total: 4.494400 ms (FindLiveObjects: 0.279900 ms CreateObjectMapping: 0.191400 ms MarkObjects: 3.863100 ms  DeleteObjects: 0.158600 ms)

AssetImportParameters requested are different than current active one (requested -> active):
  custom:framework-win-MediaFoundation: 216162199b28c13a410421893ffa2e32 -> 
  custom:video-decoder-ogg-theora: a1e56fd34408186e4bbccfd4996cb3dc -> 
  custom:container-muxer-webm: aa71ff27fc2769a1b78a27578f13a17b -> 
  custom:container-demuxer-webm: 4f35f7cbe854078d1ac9338744f61a02 -> 
  custom:container-demuxer-ogg: 62fdf1f143b41e24485cea50d1cbac27 -> 
  custom:video-encoder-webm-vp8: eb34c28f22e8b96e1ab97ce403110664 -> 
  custom:video-decoder-webm-vp8: 9c59270c3fd7afecdb556c50c9e8de78 -> 
  custom:audio-decoder-ogg-vorbis: bf7c407c2cedff20999df2af8eb42d56 -> 
  custom:audio-encoder-webm-vorbis: bf7c407c2cedff20999df2af8eb42d56 -> 
========================================================================
Received Import Request.
  Time since last request: 7.302909 seconds.
  path: Assets/Script/GokuMove.cs
  artifactKey: Guid(cf504de1bc0ddce4f9de2a70e36379ec) Importer(815301076,1909f56bfc062723c751e8b465ee728b)
Start importing Assets/Script/GokuMove.cs using Guid(cf504de1bc0ddce4f9de2a70e36379ec) Importer(815301076,1909f56bfc062723c751e8b465ee728b)  -> (artifact id: 'd545fd306603d9cc16946a8e0264253a') in 0.010407 seconds 
========================================================================
Received Prepare
Registering precompiled user dll's ...
Registered in 0.002036 seconds.
Begin MonoManager ReloadAssembly
Native extension for WindowsStandalone target not found
Native extension for WebGL target not found
Refreshing native plugins compatible for Editor in 0.53 ms, found 3 plugins.
Preloading 0 native plugins for Editor in 0.00 ms.
Mono: successfully reloaded assembly
- Completed reload, in  0.851 seconds
Domain Reload Profiling:
	ReloadAssembly (852ms)
		BeginReloadAssembly (102ms)
			ExecutionOrderSort (0ms)
			DisableScriptedObjects (5ms)
			BackupInstance (0ms)
			ReleaseScriptingObjects (0ms)
			CreateAndSetChildDomain (34ms)
		EndReloadAssembly (705ms)
			LoadAssemblies (95ms)
			RebuildTransferFunctionScriptingTraits (0ms)
			SetupTypeCache (266ms)
			ReleaseScriptCaches (1ms)
			RebuildScriptCaches (33ms)
			SetupLoadedEditorAssemblies (245ms)
				LogAssemblyErrors (0ms)
				InitializePlatformSupportModulesInManaged (4ms)
				SetLoadedEditorAssemblies (0ms)
				RefreshPlugins (1ms)
				BeforeProcessingInitializeOnLoad (66ms)
				ProcessInitializeOnLoadAttributes (161ms)
				ProcessInitializeOnLoadMethodAttributes (9ms)
				AfterProcessingInitializeOnLoad (3ms)
				EditorAssembliesLoaded (0ms)
			ExecutionOrderSort2 (0ms)
			AwakeInstancesAfterBackupRestoration (7ms)
Platform modules already initialized, skipping
Refreshing native plugins compatible for Editor in 0.68 ms, found 3 plugins.
Preloading 0 native plugins for Editor in 0.00 ms.
Unloading 2204 Unused Serialized files (Serialized files now loaded: 0)
System memory in use before: 99.5 MB.
System memory in use after: 99.4 MB.

Unloading 20 unused Assets to reduce memory usage. Loaded Objects now: 2670.
Total: 3.322100 ms (FindLiveObjects: 0.256200 ms CreateObjectMapping: 0.067100 ms MarkObjects: 2.839300 ms  DeleteObjects: 0.158500 ms)

AssetImportParameters requested are different than current active one (requested -> active):
  custom:framework-win-MediaFoundation: 216162199b28c13a410421893ffa2e32 -> 
  custom:video-decoder-ogg-theora: a1e56fd34408186e4bbccfd4996cb3dc -> 
  custom:container-muxer-webm: aa71ff27fc2769a1b78a27578f13a17b -> 
  custom:container-demuxer-webm: 4f35f7cbe854078d1ac9338744f61a02 -> 
  custom:container-demuxer-ogg: 62fdf1f143b41e24485cea50d1cbac27 -> 
  custom:video-encoder-webm-vp8: eb34c28f22e8b96e1ab97ce403110664 -> 
  custom:video-decoder-webm-vp8: 9c59270c3fd7afecdb556c50c9e8de78 -> 
  custom:audio-decoder-ogg-vorbis: bf7c407c2cedff20999df2af8eb42d56 -> 
  custom:audio-encoder-webm-vorbis: bf7c407c2cedff20999df2af8eb42d56 -> 
========================================================================
Received Import Request.
  Time since last request: 4.558923 seconds.
  path: Assets/Script/PlayerCombat.cs
  artifactKey: Guid(53ad7ae1a0d16fb44ae3c0b37ead3295) Importer(815301076,1909f56bfc062723c751e8b465ee728b)
Start importing Assets/Script/PlayerCombat.cs using Guid(53ad7ae1a0d16fb44ae3c0b37ead3295) Importer(815301076,1909f56bfc062723c751e8b465ee728b)  -> (artifact id: 'c6f107a7b1b366b48134a380ac7da4db') in 0.012891 seconds 
========================================================================
Received Import Request.
  Time since last request: 5.148337 seconds.
  path: Assets/Script/Player
  artifactKey: Guid(c930645eee365204fafc0a7dad5464f9) Importer(815301076,1909f56bfc062723c751e8b465ee728b)
Start importing Assets/Script/Player using Guid(c930645eee365204fafc0a7dad5464f9) Importer(815301076,1909f56bfc062723c751e8b465ee728b)  -> (artifact id: 'a1d33cd3e0e9f5e77e510fd192c0051f') in 0.003394 seconds 
========================================================================
Received Prepare
Registering precompiled user dll's ...
Registered in 0.001901 seconds.
Begin MonoManager ReloadAssembly
Native extension for WindowsStandalone target not found
Native extension for WebGL target not found
Refreshing native plugins compatible for Editor in 0.79 ms, found 3 plugins.
Preloading 0 native plugins for Editor in 0.00 ms.
Mono: successfully reloaded assembly
- Completed reload, in  0.818 seconds
Domain Reload Profiling:
	ReloadAssembly (818ms)
		BeginReloadAssembly (96ms)
			ExecutionOrderSort (0ms)
			DisableScriptedObjects (5ms)
			BackupInstance (0ms)
			ReleaseScriptingObjects (0ms)
			CreateAndSetChildDomain (29ms)
		EndReloadAssembly (677ms)
			LoadAssemblies (92ms)
			RebuildTransferFunctionScriptingTraits (0ms)
			SetupTypeCache (222ms)
			ReleaseScriptCaches (1ms)
			RebuildScriptCaches (30ms)
			SetupLoadedEditorAssemblies (244ms)
				LogAssemblyErrors (0ms)
				InitializePlatformSupportModulesInManaged (6ms)
				SetLoadedEditorAssemblies (1ms)
				RefreshPlugins (1ms)
				BeforeProcessingInitializeOnLoad (69ms)
				ProcessInitializeOnLoadAttributes (154ms)
				ProcessInitializeOnLoadMethodAttributes (11ms)
				AfterProcessingInitializeOnLoad (3ms)
				EditorAssembliesLoaded (0ms)
			ExecutionOrderSort2 (0ms)
			AwakeInstancesAfterBackupRestoration (8ms)
Platform modules already initialized, skipping
Refreshing native plugins compatible for Editor in 0.69 ms, found 3 plugins.
Preloading 0 native plugins for Editor in 0.00 ms.
Unloading 2204 Unused Serialized files (Serialized files now loaded: 0)
System memory in use before: 99.5 MB.
System memory in use after: 99.4 MB.

Unloading 20 unused Assets to reduce memory usage. Loaded Objects now: 2672.
Total: 3.979700 ms (FindLiveObjects: 0.189700 ms CreateObjectMapping: 0.083100 ms MarkObjects: 3.322600 ms  DeleteObjects: 0.382900 ms)

AssetImportParameters requested are different than current active one (requested -> active):
  custom:framework-win-MediaFoundation: 216162199b28c13a410421893ffa2e32 -> 
  custom:video-decoder-ogg-theora: a1e56fd34408186e4bbccfd4996cb3dc -> 
  custom:container-muxer-webm: aa71ff27fc2769a1b78a27578f13a17b -> 
  custom:container-demuxer-webm: 4f35f7cbe854078d1ac9338744f61a02 -> 
  custom:container-demuxer-ogg: 62fdf1f143b41e24485cea50d1cbac27 -> 
  custom:video-encoder-webm-vp8: eb34c28f22e8b96e1ab97ce403110664 -> 
  custom:video-decoder-webm-vp8: 9c59270c3fd7afecdb556c50c9e8de78 -> 
  custom:audio-decoder-ogg-vorbis: bf7c407c2cedff20999df2af8eb42d56 -> 
  custom:audio-encoder-webm-vorbis: bf7c407c2cedff20999df2af8eb42d56 -> 
========================================================================
Received Import Request.
  Time since last request: 15.841304 seconds.
  path: Assets/Script/Dich
  artifactKey: Guid(2fcb162bb0ba6734f8b3536f27a92292) Importer(815301076,1909f56bfc062723c751e8b465ee728b)
Start importing Assets/Script/Dich using Guid(2fcb162bb0ba6734f8b3536f27a92292) Importer(815301076,1909f56bfc062723c751e8b465ee728b)  -> (artifact id: 'ae736ae76c548fe32d5fef8b64f09ed3') in 0.011723 seconds 
========================================================================
Received Prepare
Registering precompiled user dll's ...
Registered in 0.001865 seconds.
Begin MonoManager ReloadAssembly
Native extension for WindowsStandalone target not found
Native extension for WebGL target not found
Refreshing native plugins compatible for Editor in 0.82 ms, found 3 plugins.
Preloading 0 native plugins for Editor in 0.00 ms.
Mono: successfully reloaded assembly
- Completed reload, in  0.827 seconds
Domain Reload Profiling:
	ReloadAssembly (828ms)
		BeginReloadAssembly (101ms)
			ExecutionOrderSort (0ms)
			DisableScriptedObjects (5ms)
			BackupInstance (0ms)
			ReleaseScriptingObjects (0ms)
			CreateAndSetChildDomain (33ms)
		EndReloadAssembly (676ms)
			LoadAssemblies (103ms)
			RebuildTransferFunctionScriptingTraits (0ms)
			SetupTypeCache (234ms)
			ReleaseScriptCaches (1ms)
			RebuildScriptCaches (29ms)
			SetupLoadedEditorAssemblies (246ms)
				LogAssemblyErrors (0ms)
				InitializePlatformSupportModulesInManaged (5ms)
				SetLoadedEditorAssemblies (1ms)
				RefreshPlugins (1ms)
				BeforeProcessingInitializeOnLoad (71ms)
				ProcessInitializeOnLoadAttributes (157ms)
				ProcessInitializeOnLoadMethodAttributes (8ms)
				AfterProcessingInitializeOnLoad (3ms)
				EditorAssembliesLoaded (0ms)
			ExecutionOrderSort2 (0ms)
			AwakeInstancesAfterBackupRestoration (7ms)
Platform modules already initialized, skipping
Refreshing native plugins compatible for Editor in 0.52 ms, found 3 plugins.
Preloading 0 native plugins for Editor in 0.00 ms.
Unloading 2204 Unused Serialized files (Serialized files now loaded: 0)
System memory in use before: 99.5 MB.
System memory in use after: 99.4 MB.

Unloading 20 unused Assets to reduce memory usage. Loaded Objects now: 2674.
Total: 3.083900 ms (FindLiveObjects: 0.264900 ms CreateObjectMapping: 0.064000 ms MarkObjects: 2.564500 ms  DeleteObjects: 0.189200 ms)

AssetImportParameters requested are different than current active one (requested -> active):
  custom:framework-win-MediaFoundation: 216162199b28c13a410421893ffa2e32 -> 
  custom:video-decoder-ogg-theora: a1e56fd34408186e4bbccfd4996cb3dc -> 
  custom:container-muxer-webm: aa71ff27fc2769a1b78a27578f13a17b -> 
  custom:container-demuxer-webm: 4f35f7cbe854078d1ac9338744f61a02 -> 
  custom:container-demuxer-ogg: 62fdf1f143b41e24485cea50d1cbac27 -> 
  custom:video-encoder-webm-vp8: eb34c28f22e8b96e1ab97ce403110664 -> 
  custom:video-decoder-webm-vp8: 9c59270c3fd7afecdb556c50c9e8de78 -> 
  custom:audio-decoder-ogg-vorbis: bf7c407c2cedff20999df2af8eb42d56 -> 
  custom:audio-encoder-webm-vorbis: bf7c407c2cedff20999df2af8eb42d56 -> 
